{"uid":"983df6cd5d80bde2","name":"test_baidu_search_case[data1]","fullName":"test_cases.test_baidu_input.TestBaidu#test_baidu_search_case","historyId":"9b687d997f794894bb0e3625ff0205de","time":{"start":1719592907259,"stop":1719592910543,"duration":3284},"status":"failed","statusMessage":"AssertionError: Expected title 'pytest_百度', but got 'pytest_百度搜索'\nassert 'pytest_百度搜索' == 'pytest_百度'\n  - pytest_百度\n  + pytest_百度搜索\n  ?          ++","statusTrace":"self = <test_baidu_input.TestBaidu object at 0x0000020E34DA5250>\ndriver = <selenium.webdriver.chrome.webdriver.WebDriver (session=\"3f037f52721da69c3197c2e80ccbcee4\")>\ndata = {'expected_title': 'pytest_百度', 'index': '2', 'term': 'pytest'}\n\n    @pytest.mark.parametrize(\"data\", read_yaml(\"input_data.yaml\")[\"search_terms\"])\n    def test_baidu_search_case(self, driver, data):\n        search_term = data[\"term\"]\n        expected_title = data[\"expected_title\"]\n        index = data[\"index\"]\n    \n        page = BaiduPage(driver)\n        page.open()\n        page.search_input(search_term)\n        page.search_button()\n        sleep(2)\n        # 获取当前页面的标题\n        actual_title = driver.title\n        # assert actual_title == expected_title, f\"Expected title '{expected_title}', but got '{actual_title}'\"\n    \n        try:\n            # 断言标题是否与预期相符\n            assert actual_title == expected_title, f\"Expected title '{expected_title}', but got '{actual_title}'\"\n        except AssertionError as e:\n            # 捕获断言错误并打印提示信息，而不是抛出错误\n            # 捕获断言错误并打印更详细的提示信息\n            print(f\"参数{index}：'{search_term}'断言失败:\")\n            print(\"预期：\" + expected_title)\n            print(\"实际：\" + actual_title)\n            # 打印出当前参数信息\n            print(f\"参数信息：{data}\")\n            # 将 AssertionError 抛出，这样 pytest 仍能够正确识别测试失败\n>           raise e  # 可以选择注释掉这行，以便只打印信息，而不抛出错误\n\ntest_cases\\test_baidu_input.py:46: \n_ _ _ _ _ _ _ _ _ _ _ _ _ _ _ _ _ _ _ _ _ _ _ _ _ _ _ _ _ _ _ _ _ _ _ _ _ _ _ _\n\nself = <test_baidu_input.TestBaidu object at 0x0000020E34DA5250>\ndriver = <selenium.webdriver.chrome.webdriver.WebDriver (session=\"3f037f52721da69c3197c2e80ccbcee4\")>\ndata = {'expected_title': 'pytest_百度', 'index': '2', 'term': 'pytest'}\n\n    @pytest.mark.parametrize(\"data\", read_yaml(\"input_data.yaml\")[\"search_terms\"])\n    def test_baidu_search_case(self, driver, data):\n        search_term = data[\"term\"]\n        expected_title = data[\"expected_title\"]\n        index = data[\"index\"]\n    \n        page = BaiduPage(driver)\n        page.open()\n        page.search_input(search_term)\n        page.search_button()\n        sleep(2)\n        # 获取当前页面的标题\n        actual_title = driver.title\n        # assert actual_title == expected_title, f\"Expected title '{expected_title}', but got '{actual_title}'\"\n    \n        try:\n            # 断言标题是否与预期相符\n>           assert actual_title == expected_title, f\"Expected title '{expected_title}', but got '{actual_title}'\"\nE           AssertionError: Expected title 'pytest_百度', but got 'pytest_百度搜索'\nE           assert 'pytest_百度搜索' == 'pytest_百度'\nE             - pytest_百度\nE             + pytest_百度搜索\nE             ?          ++\n\ntest_cases\\test_baidu_input.py:36: AssertionError","flaky":false,"newFailed":false,"newBroken":false,"newPassed":false,"retriesCount":3,"retriesStatusChange":true,"beforeStages":[{"name":"driver","time":{"start":1719592899682,"stop":1719592903241,"duration":3559},"status":"passed","steps":[],"attachments":[],"parameters":[],"shouldDisplayMessage":false,"attachmentsCount":0,"stepsCount":0,"hasContent":false}],"afterStages":[{"name":"driver::0","time":{"start":1719592913432,"stop":1719592916129,"duration":2697},"status":"passed","steps":[],"attachments":[],"parameters":[],"shouldDisplayMessage":false,"attachmentsCount":0,"stepsCount":0,"hasContent":false}],"labels":[{"name":"tag","value":"@pytest.mark.usefixtures('driver')"},{"name":"parentSuite","value":"test_cases"},{"name":"suite","value":"test_baidu_input"},{"name":"subSuite","value":"TestBaidu"},{"name":"host","value":"DESKTOP-GN70GCN"},{"name":"thread","value":"13172-MainThread"},{"name":"framework","value":"pytest"},{"name":"language","value":"cpython3"},{"name":"package","value":"test_cases.test_baidu_input"},{"name":"resultFormat","value":"allure2"}],"parameters":[{"name":"data","value":"{'index': '2', 'term': 'pytest', 'expected_title': 'pytest_百度'}"}],"links":[],"hidden":false,"retry":false,"extra":{"severity":"normal","retries":[{"uid":"ffc68dca8d8ed0a0","status":"failed","statusDetails":"AssertionError: Expected title 'pytest_百度', but got 'pytest_百度搜索'\nassert 'pytest_百度搜索' == 'pytest_百度'\n  - pytest_百度\n  + pytest_百度搜索\n  ?          ++","time":{"start":1719592677371,"stop":1719592680412,"duration":3041}},{"uid":"6b06cb435d574ada","status":"failed","statusDetails":"AssertionError: Expected title 'pytest_百度', but got 'pytest_百度搜索'\nassert 'pytest_百度搜索' == 'pytest_百度'\n  - pytest_百度\n  + pytest_百度搜索\n  ?          ++","time":{"start":1719591438063,"stop":1719591440951,"duration":2888}},{"uid":"7b91e48267838f3b","status":"passed","time":{"start":1719591230841,"stop":1719591233577,"duration":2736}}],"categories":[{"name":"Product defects","matchedStatuses":[],"flaky":false}],"tags":["@pytest.mark.usefixtures('driver')"]},"source":"983df6cd5d80bde2.json","parameterValues":["{'index': '2', 'term': 'pytest', 'expected_title': 'pytest_百度'}"]}